<?xml version="1.0" encoding="UTF-8"?>
<!-- Generated by org.testng.reporters.JUnitReportReporter -->
<testsuite hostname="DESKTOP-D7V1PLT" failures="0" tests="1" name="Test.FakerDataGenerator" time="0.433" errors="0" timestamp="2023-10-11T16:45:44 IST" skipped="0">
  <testcase classname="Test.FakerDataGenerator" name="fakerdata" time="0.433"/>
  <system-out/>
</testsuite> <!-- Test.FakerDataGenerator -->
