<?xml version="1.0" encoding="UTF-8"?>
<!-- Generated by org.testng.reporters.JUnitReportReporter -->
<testsuite hostname="DESKTOP-D7V1PLT" failures="0" tests="1" name="Test.costsecuritycontrol" time="74.217" errors="0" timestamp="2023-09-20T09:47:54 IST" skipped="0">
  <testcase classname="Test.costsecuritycontrol" name="Insights" time="74.217"/>
  <system-out/>
</testsuite> <!-- Test.costsecuritycontrol -->
